0 info it worked if it ends with ok
1 verbose cli [ '/Users/berickson/.nvm/v0.10.21/bin/node',
1 verbose cli   '/Users/berickson/.nvm/v0.10.21/bin/npm',
1 verbose cli   'install' ]
2 info using npm@1.3.11
3 info using node@v0.10.21
4 verbose readDependencies using package.json deps
5 verbose install where, deps [ '/Volumes/Data/search',
5 verbose install   [ 'bower',
5 verbose install     'grunt',
5 verbose install     'grunt-bower-install',
5 verbose install     'grunt-contrib-clean',
5 verbose install     'grunt-contrib-compress',
5 verbose install     'grunt-contrib-concat',
5 verbose install     'grunt-contrib-copy',
5 verbose install     'grunt-contrib-cssmin',
5 verbose install     'grunt-contrib-jshint',
5 verbose install     'grunt-contrib-uglify',
5 verbose install     'grunt-contrib-watch',
5 verbose install     'grunt-string-replace',
5 verbose install     'grunt-usemin',
5 verbose install     'jshint-stylish',
5 verbose install     'load-grunt-tasks',
5 verbose install     'requirejs',
5 verbose install     'time-grunt',
5 verbose install     'karma',
5 verbose install     'protractor',
5 verbose install     'http-server',
5 verbose install     'shelljs',
5 verbose install     'karma-junit-reporter' ] ]
6 info preinstall search-ui@0.0.0
7 verbose readDependencies using package.json deps
8 verbose already installed skipping grunt-bower-install@^1.6.0 /Volumes/Data/search
9 verbose already installed skipping bower@^1.3.1 /Volumes/Data/search
10 verbose already installed skipping grunt@~0.4.1 /Volumes/Data/search
11 verbose already installed skipping grunt-contrib-clean@~0.5.0 /Volumes/Data/search
12 verbose already installed skipping grunt-contrib-compress@~0.12.0 /Volumes/Data/search
13 verbose already installed skipping grunt-contrib-concat@~0.3.0 /Volumes/Data/search
14 verbose already installed skipping grunt-contrib-copy@~0.4.1 /Volumes/Data/search
15 verbose already installed skipping grunt-contrib-cssmin@~0.7.0 /Volumes/Data/search
16 verbose already installed skipping grunt-contrib-jshint@~0.7.1 /Volumes/Data/search
17 verbose already installed skipping grunt-contrib-uglify@~0.2.0 /Volumes/Data/search
18 verbose already installed skipping grunt-string-replace@^1.0.0 /Volumes/Data/search
19 verbose already installed skipping grunt-contrib-watch@~0.5.2 /Volumes/Data/search
20 verbose already installed skipping grunt-usemin@~2.0.0 /Volumes/Data/search
21 verbose already installed skipping jshint-stylish@~0.1.3 /Volumes/Data/search
22 verbose already installed skipping load-grunt-tasks@~0.4.0 /Volumes/Data/search
23 verbose already installed skipping time-grunt@~0.2.1 /Volumes/Data/search
24 verbose already installed skipping requirejs@~2.1.10 /Volumes/Data/search
25 verbose already installed skipping karma@~0.10 /Volumes/Data/search
26 verbose already installed skipping protractor@^1.1.1 /Volumes/Data/search
27 verbose already installed skipping http-server@^0.6.1 /Volumes/Data/search
28 verbose already installed skipping karma-junit-reporter@^0.2.2 /Volumes/Data/search
29 verbose already installed skipping shelljs@^0.2.6 /Volumes/Data/search
30 silly resolved []
31 info build /Volumes/Data/search
32 verbose linkStuff [ false, false, false, '/Volumes/Data' ]
33 info linkStuff search-ui@0.0.0
34 verbose linkBins search-ui@0.0.0
35 verbose linkMans search-ui@0.0.0
36 verbose rebuildBundles search-ui@0.0.0
37 verbose rebuildBundles [ '.bin',
37 verbose rebuildBundles   'bower',
37 verbose rebuildBundles   'grunt',
37 verbose rebuildBundles   'grunt-bower-install',
37 verbose rebuildBundles   'grunt-contrib-clean',
37 verbose rebuildBundles   'grunt-contrib-compress',
37 verbose rebuildBundles   'grunt-contrib-concat',
37 verbose rebuildBundles   'grunt-contrib-copy',
37 verbose rebuildBundles   'grunt-contrib-cssmin',
37 verbose rebuildBundles   'grunt-contrib-jshint',
37 verbose rebuildBundles   'grunt-contrib-uglify',
37 verbose rebuildBundles   'grunt-contrib-watch',
37 verbose rebuildBundles   'grunt-karma',
37 verbose rebuildBundles   'grunt-string-replace',
37 verbose rebuildBundles   'grunt-usemin',
37 verbose rebuildBundles   'http-server',
37 verbose rebuildBundles   'jshint-stylish',
37 verbose rebuildBundles   'karma',
37 verbose rebuildBundles   'karma-chrome-launcher',
37 verbose rebuildBundles   'karma-coffee-preprocessor',
37 verbose rebuildBundles   'karma-firefox-launcher',
37 verbose rebuildBundles   'karma-html2js-preprocessor',
37 verbose rebuildBundles   'karma-jasmine',
37 verbose rebuildBundles   'karma-junit-reporter',
37 verbose rebuildBundles   'karma-phantomjs-launcher',
37 verbose rebuildBundles   'karma-requirejs',
37 verbose rebuildBundles   'karma-script-launcher',
37 verbose rebuildBundles   'load-grunt-tasks',
37 verbose rebuildBundles   'protractor',
37 verbose rebuildBundles   'requirejs',
37 verbose rebuildBundles   'shelljs',
37 verbose rebuildBundles   'time-grunt' ]
38 verbose rebuild bundle /Volumes/Data/search/node_modules/grunt-karma
39 info build /Volumes/Data/search/node_modules/grunt-karma
40 info preinstall grunt-karma@0.8.3
41 verbose linkStuff [ false, false, false, '/Volumes/Data/search/node_modules' ]
42 info linkStuff grunt-karma@0.8.3
43 verbose linkBins grunt-karma@0.8.3
44 verbose linkMans grunt-karma@0.8.3
45 verbose rebuildBundles grunt-karma@0.8.3
46 verbose rebuildBundles [ 'lodash' ]
47 info install grunt-karma@0.8.3
48 info postinstall grunt-karma@0.8.3
49 verbose rebuild bundle /Volumes/Data/search/node_modules/karma-chrome-launcher
50 info build /Volumes/Data/search/node_modules/karma-chrome-launcher
51 info preinstall karma-chrome-launcher@0.1.12
52 verbose linkStuff [ false, false, false, '/Volumes/Data/search/node_modules' ]
53 info linkStuff karma-chrome-launcher@0.1.12
54 verbose linkBins karma-chrome-launcher@0.1.12
55 verbose linkMans karma-chrome-launcher@0.1.12
56 verbose rebuildBundles karma-chrome-launcher@0.1.12
57 verbose rebuildBundles [ '.bin', 'which' ]
58 info install karma-chrome-launcher@0.1.12
59 info postinstall karma-chrome-launcher@0.1.12
60 verbose rebuild bundle /Volumes/Data/search/node_modules/karma-coffee-preprocessor
61 info build /Volumes/Data/search/node_modules/karma-coffee-preprocessor
62 info preinstall karma-coffee-preprocessor@0.1.3
63 verbose linkStuff [ false, false, false, '/Volumes/Data/search/node_modules' ]
64 info linkStuff karma-coffee-preprocessor@0.1.3
65 verbose linkBins karma-coffee-preprocessor@0.1.3
66 verbose linkMans karma-coffee-preprocessor@0.1.3
67 verbose rebuildBundles karma-coffee-preprocessor@0.1.3
68 verbose rebuildBundles [ '.bin', 'coffee-script' ]
69 info install karma-coffee-preprocessor@0.1.3
70 info postinstall karma-coffee-preprocessor@0.1.3
71 verbose rebuild bundle /Volumes/Data/search/node_modules/karma-firefox-launcher
72 info build /Volumes/Data/search/node_modules/karma-firefox-launcher
73 info preinstall karma-firefox-launcher@0.1.6
74 verbose linkStuff [ false, false, false, '/Volumes/Data/search/node_modules' ]
75 info linkStuff karma-firefox-launcher@0.1.6
76 verbose linkBins karma-firefox-launcher@0.1.6
77 verbose linkMans karma-firefox-launcher@0.1.6
78 verbose rebuildBundles karma-firefox-launcher@0.1.6
79 info install karma-firefox-launcher@0.1.6
80 info postinstall karma-firefox-launcher@0.1.6
81 verbose rebuild bundle /Volumes/Data/search/node_modules/karma-html2js-preprocessor
82 info build /Volumes/Data/search/node_modules/karma-html2js-preprocessor
83 info preinstall karma-html2js-preprocessor@0.1.0
84 verbose linkStuff [ false, false, false, '/Volumes/Data/search/node_modules' ]
85 info linkStuff karma-html2js-preprocessor@0.1.0
86 verbose linkBins karma-html2js-preprocessor@0.1.0
87 verbose linkMans karma-html2js-preprocessor@0.1.0
88 verbose rebuildBundles karma-html2js-preprocessor@0.1.0
89 info install karma-html2js-preprocessor@0.1.0
90 info postinstall karma-html2js-preprocessor@0.1.0
91 verbose rebuild bundle /Volumes/Data/search/node_modules/karma-jasmine
92 info build /Volumes/Data/search/node_modules/karma-jasmine
93 info preinstall karma-jasmine@0.1.5
94 verbose linkStuff [ false, false, false, '/Volumes/Data/search/node_modules' ]
95 info linkStuff karma-jasmine@0.1.5
96 verbose linkBins karma-jasmine@0.1.5
97 verbose linkMans karma-jasmine@0.1.5
98 verbose rebuildBundles karma-jasmine@0.1.5
99 info install karma-jasmine@0.1.5
100 info postinstall karma-jasmine@0.1.5
101 verbose rebuild bundle /Volumes/Data/search/node_modules/karma-phantomjs-launcher
102 info build /Volumes/Data/search/node_modules/karma-phantomjs-launcher
103 info preinstall karma-phantomjs-launcher@0.1.4
104 verbose linkStuff [ false, false, false, '/Volumes/Data/search/node_modules' ]
105 info linkStuff karma-phantomjs-launcher@0.1.4
106 verbose linkBins karma-phantomjs-launcher@0.1.4
107 verbose linkMans karma-phantomjs-launcher@0.1.4
108 verbose rebuildBundles karma-phantomjs-launcher@0.1.4
109 verbose rebuildBundles [ '.bin', 'phantomjs' ]
110 info install karma-phantomjs-launcher@0.1.4
111 info postinstall karma-phantomjs-launcher@0.1.4
112 verbose rebuild bundle /Volumes/Data/search/node_modules/karma-requirejs
113 info build /Volumes/Data/search/node_modules/karma-requirejs
114 info preinstall karma-requirejs@0.2.2
115 verbose linkStuff [ false, false, false, '/Volumes/Data/search/node_modules' ]
116 info linkStuff karma-requirejs@0.2.2
117 verbose linkBins karma-requirejs@0.2.2
118 verbose linkMans karma-requirejs@0.2.2
119 verbose rebuildBundles karma-requirejs@0.2.2
120 info install karma-requirejs@0.2.2
121 info postinstall karma-requirejs@0.2.2
122 verbose rebuild bundle /Volumes/Data/search/node_modules/karma-script-launcher
123 info build /Volumes/Data/search/node_modules/karma-script-launcher
124 info preinstall karma-script-launcher@0.1.0
125 verbose linkStuff [ false, false, false, '/Volumes/Data/search/node_modules' ]
126 info linkStuff karma-script-launcher@0.1.0
127 verbose linkBins karma-script-launcher@0.1.0
128 verbose linkMans karma-script-launcher@0.1.0
129 verbose rebuildBundles karma-script-launcher@0.1.0
130 info install karma-script-launcher@0.1.0
131 info postinstall karma-script-launcher@0.1.0
132 info install search-ui@0.0.0
133 info postinstall search-ui@0.0.0
134 info prepublish search-ui@0.0.0
135 error peerinvalid The package karma does not satisfy its siblings' peerDependencies requirements!
135 error peerinvalid Peer karma-junit-reporter@0.2.2 wants karma@>=0.9
135 error peerinvalid Peer karma-html2js-preprocessor@0.1.0 wants karma@>=0.9
135 error peerinvalid Peer karma-jasmine@0.1.5 wants karma@>=0.9
135 error peerinvalid Peer karma-requirejs@0.2.2 wants karma@>=0.9
135 error peerinvalid Peer karma-script-launcher@0.1.0 wants karma@>=0.9
135 error peerinvalid Peer grunt-karma@0.8.3 wants karma@~0.12.0
135 error peerinvalid Peer karma-coffee-preprocessor@0.1.3 wants karma@>=0.9
135 error peerinvalid Peer karma-phantomjs-launcher@0.1.4 wants karma@>=0.9
136 error System Darwin 14.3.0
137 error command "/Users/berickson/.nvm/v0.10.21/bin/node" "/Users/berickson/.nvm/v0.10.21/bin/npm" "install"
138 error cwd /Volumes/Data/search
139 error node -v v0.10.21
140 error npm -v 1.3.11
141 error code EPEERINVALID
142 verbose exit [ 1, true ]
